d:\study\code_quant\yolo_quantization\yolo_quantization\yolo_quantization\x64\debug\yolo_quantization.pch
d:\study\code_quant\yolo_quantization\yolo_quantization\yolo_quantization\x64\debug\vc140.pdb
d:\study\code_quant\yolo_quantization\yolo_quantization\yolo_quantization\x64\debug\vc140.idb
d:\study\code_quant\yolo_quantization\yolo_quantization\yolo_quantization\x64\debug\stdafx.obj
d:\study\code_quant\yolo_quantization\yolo_quantization\yolo_quantization\x64\debug\l2norm_layer.obj
d:\study\code_quant\yolo_quantization\yolo_quantization\yolo_quantization\x64\debug\layer.obj
d:\study\code_quant\yolo_quantization\yolo_quantization\yolo_quantization\x64\debug\list.obj
d:\study\code_quant\yolo_quantization\yolo_quantization\yolo_quantization\x64\debug\local_layer.obj
d:\study\code_quant\yolo_quantization\yolo_quantization\yolo_quantization\x64\debug\logistic_layer.obj
d:\study\code_quant\yolo_quantization\yolo_quantization\yolo_quantization\x64\debug\matrix.obj
d:\study\code_quant\yolo_quantization\yolo_quantization\yolo_quantization\x64\debug\maxpool_layer.obj
d:\study\code_quant\yolo_quantization\yolo_quantization\yolo_quantization\x64\debug\network.obj
d:\study\code_quant\yolo_quantization\yolo_quantization\yolo_quantization\x64\debug\normalization_layer.obj
d:\study\code_quant\yolo_quantization\yolo_quantization\yolo_quantization\x64\debug\option_list.obj
d:\study\code_quant\yolo_quantization\yolo_quantization\yolo_quantization\x64\debug\parser.obj
d:\study\code_quant\yolo_quantization\yolo_quantization\yolo_quantization\x64\debug\region_layer.obj
d:\study\code_quant\yolo_quantization\yolo_quantization\yolo_quantization\x64\debug\reorg_layer.obj
d:\study\code_quant\yolo_quantization\yolo_quantization\yolo_quantization\x64\debug\route_layer.obj
d:\study\code_quant\yolo_quantization\yolo_quantization\yolo_quantization\x64\debug\shortcut_layer.obj
d:\study\code_quant\yolo_quantization\yolo_quantization\yolo_quantization\x64\debug\softmax_layer.obj
d:\study\code_quant\yolo_quantization\yolo_quantization\yolo_quantization\x64\debug\tree.obj
d:\study\code_quant\yolo_quantization\yolo_quantization\yolo_quantization\x64\debug\upsample_layer.obj
d:\study\code_quant\yolo_quantization\yolo_quantization\yolo_quantization\x64\debug\utils.obj
d:\study\code_quant\yolo_quantization\yolo_quantization\yolo_quantization\x64\debug\yolo_layer.obj
d:\study\code_quant\yolo_quantization\yolo_quantization\yolo_quantization\x64\debug\detector.obj
d:\study\code_quant\yolo_quantization\yolo_quantization\yolo_quantization\x64\debug\activations.obj
d:\study\code_quant\yolo_quantization\yolo_quantization\yolo_quantization\x64\debug\activation_layer.obj
d:\study\code_quant\yolo_quantization\yolo_quantization\yolo_quantization\x64\debug\avgpool_layer.obj
d:\study\code_quant\yolo_quantization\yolo_quantization\yolo_quantization\x64\debug\batchnorm_layer.obj
d:\study\code_quant\yolo_quantization\yolo_quantization\yolo_quantization\x64\debug\blas.obj
d:\study\code_quant\yolo_quantization\yolo_quantization\yolo_quantization\x64\debug\box.obj
d:\study\code_quant\yolo_quantization\yolo_quantization\yolo_quantization\x64\debug\col2im.obj
d:\study\code_quant\yolo_quantization\yolo_quantization\yolo_quantization\x64\debug\connected_layer.obj
d:\study\code_quant\yolo_quantization\yolo_quantization\yolo_quantization\x64\debug\convolutional_layer.obj
d:\study\code_quant\yolo_quantization\yolo_quantization\yolo_quantization\x64\debug\crop_layer.obj
d:\study\code_quant\yolo_quantization\yolo_quantization\yolo_quantization\x64\debug\cuda.obj
d:\study\code_quant\yolo_quantization\yolo_quantization\yolo_quantization\x64\debug\data.obj
d:\study\code_quant\yolo_quantization\yolo_quantization\yolo_quantization\x64\debug\deconvolutional_layer.obj
d:\study\code_quant\yolo_quantization\yolo_quantization\yolo_quantization\x64\debug\detection_layer.obj
d:\study\code_quant\yolo_quantization\yolo_quantization\yolo_quantization\x64\debug\dropout_layer.obj
d:\study\code_quant\yolo_quantization\yolo_quantization\yolo_quantization\x64\debug\gemm.obj
d:\study\code_quant\yolo_quantization\yolo_quantization\yolo_quantization\x64\debug\gettimeofday.obj
d:\study\code_quant\yolo_quantization\yolo_quantization\yolo_quantization\x64\debug\im2col.obj
d:\study\code_quant\yolo_quantization\yolo_quantization\yolo_quantization\x64\debug\image.obj
d:\study\code_quant\yolo_quantization\yolo_quantization\yolo_quantization\x64\debug\darknet.obj
d:\study\code_quant\yolo_quantization\yolo_quantization\yolo_quantization\x64\debug\image_opencv.obj
d:\study\code_quant\yolo_quantization\yolo_quantization\x64\debug\yolo_quantization.ilk
d:\study\code_quant\yolo_quantization\yolo_quantization\x64\debug\yolo_quantization.exe
d:\study\code_quant\yolo_quantization\yolo_quantization\x64\debug\yolo_quantization.pdb
d:\study\code_quant\yolo_quantization\yolo_quantization\\x64\debug\yolo_quantization.pdb
d:\study\code_quant\yolo_quantization\yolo_quantization\\x64\debug\yolo_quantization.exe
d:\study\code_quant\yolo_quantization\yolo_quantization\\x64\debug\yolo_quantization.ilk
d:\study\code_quant\yolo_quantization\yolo_quantization\yolo_quantization\x64\debug\yolo_qua.2bdc61c2.tlog\cl.command.1.tlog
d:\study\code_quant\yolo_quantization\yolo_quantization\yolo_quantization\x64\debug\yolo_qua.2bdc61c2.tlog\cl.read.1.tlog
d:\study\code_quant\yolo_quantization\yolo_quantization\yolo_quantization\x64\debug\yolo_qua.2bdc61c2.tlog\cl.write.1.tlog
d:\study\code_quant\yolo_quantization\yolo_quantization\yolo_quantization\x64\debug\yolo_qua.2bdc61c2.tlog\link.command.1.tlog
d:\study\code_quant\yolo_quantization\yolo_quantization\yolo_quantization\x64\debug\yolo_qua.2bdc61c2.tlog\link.read.1.tlog
d:\study\code_quant\yolo_quantization\yolo_quantization\yolo_quantization\x64\debug\yolo_qua.2bdc61c2.tlog\link.write.1.tlog
